Build started 13/05/2015 16:37:13.
     1>Project "C:\Users\aline.castro\Documents\Visual Studio 2012\Projects\alineExercBin\alineExercBin\alineExercBin.vcxproj" on node 2 (Build target(s)).
     1>ClCompile:
         C:\Program Files\Microsoft Visual Studio 11.0\VC\bin\CL.exe /c /ZI /nologo /W3 /WX- /Od /Oy- /D WIN32 /D _DEBUG /D _CONSOLE /D _UNICODE /D UNICODE /Gm /EHsc /RTC1 /MDd /GS /fp:precise /Zc:wchar_t /Zc:forScope /Yu"stdafx.h" /Fp"Debug\alineExercBin.pch" /Fo"Debug\\" /Fd"Debug\vc110.pdb" /Gd /TP /analyze- /errorReport:prompt alineExercBin.cpp
         alineExercBin.cpp
     1>c:\users\aline.castro\documents\visual studio 2012\projects\alineexercbin\alineexercbin\alineexercbin.cpp(20): warning C4996: 'fopen': This function or variable may be unsafe. Consider using fopen_s instead. To disable deprecation, use _CRT_SECURE_NO_WARNINGS. See online help for details.
                 c:\program files\microsoft visual studio 11.0\vc\include\stdio.h(218) : see declaration of 'fopen'
     1>c:\users\aline.castro\documents\visual studio 2012\projects\alineexercbin\alineexercbin\alineexercbin.cpp(36): warning C4996: 'scanf': This function or variable may be unsafe. Consider using scanf_s instead. To disable deprecation, use _CRT_SECURE_NO_WARNINGS. See online help for details.
                 c:\program files\microsoft visual studio 11.0\vc\include\stdio.h(290) : see declaration of 'scanf'
     1>c:\users\aline.castro\documents\visual studio 2012\projects\alineexercbin\alineexercbin\alineexercbin.cpp(46): warning C4996: 'fopen': This function or variable may be unsafe. Consider using fopen_s instead. To disable deprecation, use _CRT_SECURE_NO_WARNINGS. See online help for details.
                 c:\program files\microsoft visual studio 11.0\vc\include\stdio.h(218) : see declaration of 'fopen'
     1>c:\users\aline.castro\documents\visual studio 2012\projects\alineexercbin\alineexercbin\alineexercbin.cpp(49): warning C4996: 'fopen': This function or variable may be unsafe. Consider using fopen_s instead. To disable deprecation, use _CRT_SECURE_NO_WARNINGS. See online help for details.
                 c:\program files\microsoft visual studio 11.0\vc\include\stdio.h(218) : see declaration of 'fopen'
     1>c:\users\aline.castro\documents\visual studio 2012\projects\alineexercbin\alineexercbin\alineexercbin.cpp(76): warning C4996: 'fopen': This function or variable may be unsafe. Consider using fopen_s instead. To disable deprecation, use _CRT_SECURE_NO_WARNINGS. See online help for details.
                 c:\program files\microsoft visual studio 11.0\vc\include\stdio.h(218) : see declaration of 'fopen'
     1>c:\users\aline.castro\documents\visual studio 2012\projects\alineexercbin\alineexercbin\alineexercbin.cpp(79): warning C4996: 'fopen': This function or variable may be unsafe. Consider using fopen_s instead. To disable deprecation, use _CRT_SECURE_NO_WARNINGS. See online help for details.
                 c:\program files\microsoft visual studio 11.0\vc\include\stdio.h(218) : see declaration of 'fopen'
       Link:
         C:\Program Files\Microsoft Visual Studio 11.0\VC\bin\link.exe /ERRORREPORT:PROMPT /OUT:"C:\Users\aline.castro\Documents\Visual Studio 2012\Projects\alineExercBin\Debug\alineExercBin.exe" /INCREMENTAL /NOLOGO kernel32.lib user32.lib gdi32.lib winspool.lib comdlg32.lib advapi32.lib shell32.lib ole32.lib oleaut32.lib uuid.lib odbc32.lib odbccp32.lib /MANIFEST /MANIFESTUAC:"level='asInvoker' uiAccess='false'" /manifest:embed /DEBUG /PDB:"C:\Users\aline.castro\Documents\Visual Studio 2012\Projects\alineExercBin\Debug\alineExercBin.pdb" /SUBSYSTEM:CONSOLE /TLBID:1 /DYNAMICBASE /NXCOMPAT /IMPLIB:"C:\Users\aline.castro\Documents\Visual Studio 2012\Projects\alineExercBin\Debug\alineExercBin.lib" /MACHINE:X86 Debug\alineExercBin.obj
         Debug\stdafx.obj
         alineExercBin.vcxproj -> C:\Users\aline.castro\Documents\Visual Studio 2012\Projects\alineExercBin\Debug\alineExercBin.exe
     1>Done Building Project "C:\Users\aline.castro\Documents\Visual Studio 2012\Projects\alineExercBin\alineExercBin\alineExercBin.vcxproj" (Build target(s)).

Build succeeded.

Time Elapsed 00:00:01.39
