C:\USERS\ALINE.CASTRO\DOCUMENTS\VISUAL STUDIO 2012\PROJECTS\ALINEEXERCBIN\ALINEEXERCBIN\DEBUG\ALINEEXERCBIN.PCH
C:\USERS\ALINE.CASTRO\DOCUMENTS\VISUAL STUDIO 2012\PROJECTS\ALINEEXERCBIN\ALINEEXERCBIN\DEBUG\STDAFX.OBJ
C:\USERS\ALINE.CASTRO\DOCUMENTS\VISUAL STUDIO 2012\PROJECTS\ALINEEXERCBIN\ALINEEXERCBIN\DEBUG\VC110.PDB
C:\USERS\ALINE.CASTRO\DOCUMENTS\VISUAL STUDIO 2012\PROJECTS\ALINEEXERCBIN\ALINEEXERCBIN\DEBUG\ALINEEXERCBIN.OBJ
C:\USERS\ALINE.CASTRO\DOCUMENTS\VISUAL STUDIO 2012\PROJECTS\ALINEEXERCBIN\DEBUG\ALINEEXERCBIN.ILK
C:\USERS\ALINE.CASTRO\DOCUMENTS\VISUAL STUDIO 2012\PROJECTS\ALINEEXERCBIN\DEBUG\ALINEEXERCBIN.EXE
C:\USERS\ALINE.CASTRO\DOCUMENTS\VISUAL STUDIO 2012\PROJECTS\ALINEEXERCBIN\DEBUG\ALINEEXERCBIN.PDB
C:\Users\aline.castro\Documents\Visual Studio 2012\Projects\alineExercBin\alineExercBin\Debug\alineExercBin.obj
C:\Users\aline.castro\Documents\Visual Studio 2012\Projects\alineExercBin\alineExercBin\Debug\stdafx.obj
C:\Users\aline.castro\Documents\Visual Studio 2012\Projects\alineExercBin\alineExercBin\Debug\cl.command.1.tlog
C:\Users\aline.castro\Documents\Visual Studio 2012\Projects\alineExercBin\alineExercBin\Debug\CL.read.1.tlog
C:\Users\aline.castro\Documents\Visual Studio 2012\Projects\alineExercBin\alineExercBin\Debug\CL.write.1.tlog
C:\Users\aline.castro\Documents\Visual Studio 2012\Projects\alineExercBin\alineExercBin\Debug\link-cvtres.read.1.tlog
C:\Users\aline.castro\Documents\Visual Studio 2012\Projects\alineExercBin\alineExercBin\Debug\link-cvtres.write.1.tlog
C:\Users\aline.castro\Documents\Visual Studio 2012\Projects\alineExercBin\alineExercBin\Debug\link-rc.read.1.tlog
C:\Users\aline.castro\Documents\Visual Studio 2012\Projects\alineExercBin\alineExercBin\Debug\link-rc.write.1.tlog
C:\Users\aline.castro\Documents\Visual Studio 2012\Projects\alineExercBin\alineExercBin\Debug\link.command.1.tlog
C:\Users\aline.castro\Documents\Visual Studio 2012\Projects\alineExercBin\alineExercBin\Debug\link.read.1.tlog
C:\Users\aline.castro\Documents\Visual Studio 2012\Projects\alineExercBin\alineExercBin\Debug\link.write.1.tlog
C:\Users\aline.castro\Documents\Visual Studio 2012\Projects\alineExercBin\alineExercBin\Debug\alineExercBin.pch
C:\Users\aline.castro\Documents\Visual Studio 2012\Projects\alineExercBin\alineExercBin\Debug\vc110.idb
C:\Users\aline.castro\Documents\Visual Studio 2012\Projects\alineExercBin\alineExercBin\Debug\vc110.pdb
C:\Users\aline.castro\Documents\Visual Studio 2012\Projects\alineExercBin\Debug\alineExercBin.pdb
C:\Users\aline.castro\Documents\Visual Studio 2012\Projects\alineExercBin\Debug\alineExercBin.exe
C:\Users\aline.castro\Documents\Visual Studio 2012\Projects\alineExercBin\Debug\alineExercBin.ilk
